{"label":"DYB-App","level":"info","message":"DYBLogistics is listening on PORT 5000","timestamp":"2025-06-16T19:34:40.550Z"}
{"label":"DYBLogistics_App","level":"info","message":"DYBLogistics is listening on PORT 5000","timestamp":"2025-06-16T19:35:17.744Z"}
{"label":"DYBLogistics_App","level":"info","message":"DYBLogistics is listening on PORT 5000","timestamp":"2025-06-16T19:35:46.203Z"}
{"label":"DYBLogistics_App","level":"info","message":"DYBLogistics is listening on PORT 5000","timestamp":"2025-06-17T10:58:42.043Z"}
{"label":"DYBLogistics_App","level":"info","message":"DYBLogistics is listening on PORT 5000","timestamp":"2025-06-17T11:16:02.915Z"}
{"label":"DYBLogistics_App","level":"info","message":"DYBLogistics is listening on PORT 5000","timestamp":"2025-06-17T11:17:35.459Z"}
{"label":"DYBLogistics_App","level":"info","message":"DYBLogistics is listening on PORT 5000","timestamp":"2025-06-17T11:22:09.601Z"}
{"label":"DYBLogistics_App","level":"info","message":"DYBLogistics is listening on PORT 5000","timestamp":"2025-06-17T11:22:15.719Z"}
{"label":"DYBLogistics_App","level":"info","message":"DYBLogistics is listening on PORT 5000","timestamp":"2025-06-17T11:22:26.657Z"}
{"label":"DYBLogistics_App","level":"info","message":"DYBLogistics is listening on PORT 5000","timestamp":"2025-06-17T11:22:38.951Z"}
{"label":"DYBLogistics_App","level":"info","message":"DYBLogistics is listening on PORT 5000","timestamp":"2025-06-17T11:22:55.219Z"}
{"label":"DYBLogistics_App","level":"info","message":"DYBLogistics is listening on PORT 5000","timestamp":"2025-06-17T11:23:21.082Z"}
{"label":"DYBLogistics_App","level":"info","message":"DYBLogistics is listening on PORT 5000","timestamp":"2025-06-17T11:24:04.978Z"}
{"label":"DYBLogistics_App","level":"info","message":"DYBLogistics is listening on PORT 5000","timestamp":"2025-06-17T11:24:39.049Z"}
{"label":"DYBLogistics_App","level":"info","message":"DYBLogistics is listening on PORT 5000","timestamp":"2025-06-17T11:25:36.984Z"}
{"label":"DYBLogistics_App","level":"info","message":"DYBLogistics is listening on PORT 5000","timestamp":"2025-06-17T11:26:03.983Z"}
{"label":"DYBLogistics_App","level":"info","message":"DYBLogistics is listening on PORT 5000","timestamp":"2025-06-17T11:26:11.058Z"}
{"label":"DYBLogistics_App","level":"info","message":"DYBLogistics is listening on PORT 5000","timestamp":"2025-06-17T14:51:15.490Z"}
{"label":"DYBLogistics_App","level":"info","message":"DYBLogistics is listening on PORT 5000","timestamp":"2025-06-17T16:10:23.204Z"}
{"label":"DYBLogistics_App","level":"info","message":"DYBLogistics is listening on PORT 5000","timestamp":"2025-06-18T14:41:28.003Z"}
{"label":"DYBLogistics_App","level":"info","message":"DYBLogistics is listening on PORT 5000","timestamp":"2025-06-18T14:47:17.333Z"}
{"label":"DYBLogistics_App","level":"info","message":"DYBLogistics is listening on PORT 5000","timestamp":"2025-06-18T14:47:41.164Z"}
{"label":"DYBLogistics_App","level":"info","message":"DYBLogistics is listening on PORT 5000","timestamp":"2025-06-18T14:48:39.483Z"}
{"label":"DYBLogistics_App","level":"info","message":"DYBLogistics is listening on PORT 5000","timestamp":"2025-06-18T14:49:14.754Z"}
{"label":"DYBLogistics_App","level":"info","message":"DYBLogistics is listening on PORT 5000","timestamp":"2025-06-18T15:15:50.527Z"}
{"label":"DYBLogistics_App","level":"info","message":"DYBLogistics is listening on PORT 5000","timestamp":"2025-06-18T15:16:41.594Z"}
{"label":"DYBLogistics_App","level":"info","message":"DYBLogistics is listening on PORT 5000","timestamp":"2025-06-18T15:17:42.581Z"}
{"label":"DYBLogistics_App","level":"info","message":"DYBLogistics is listening on PORT 5000","timestamp":"2025-06-18T15:18:18.606Z"}
{"label":"DYBLogistics_App","level":"info","message":"DYBLogistics is listening on PORT 5000","timestamp":"2025-06-18T15:20:29.917Z"}
{"label":"DYBLogistics_App","level":"info","message":"DYBLogistics is listening on PORT 5000","timestamp":"2025-06-18T15:26:55.489Z"}
{"label":"DYBLogistics_App","level":"info","message":"::1 - - [18/Jun/2025:15:27:29 +0000] \"POST / HTTP/1.1\" 404 140 \"-\" \"PostmanRuntime/7.44.1\"\n","timestamp":"2025-06-18T15:27:29.724Z"}
{"label":"DYBLogistics_App","level":"info","message":"::1 - - [18/Jun/2025:15:27:41 +0000] \"GET / HTTP/1.1\" 200 80 \"-\" \"PostmanRuntime/7.44.1\"\n","timestamp":"2025-06-18T15:27:41.436Z"}
{"label":"DYBLogistics_App","level":"info","message":"DYBLogistics is listening on PORT 5000","timestamp":"2025-06-18T15:31:43.629Z"}
{"label":"DYBLogistics_App","level":"info","message":"DYBLogistics is listening on PORT 5000","timestamp":"2025-06-18T15:38:37.506Z"}
{"label":"DYBLogistics_App","level":"info","message":"DYBLogistics is listening on PORT 5000","timestamp":"2025-06-18T15:39:26.608Z"}
{"label":"DYBLogistics_App","level":"info","message":"DYBLogistics is listening on PORT 5000","timestamp":"2025-06-18T15:41:12.773Z"}
{"label":"DYBLogistics_App","level":"info","message":"DYBLogistics is listening on PORT 5000","timestamp":"2025-06-18T15:41:43.807Z"}
{"label":"DYBLogistics_App","level":"info","message":"DYBLogistics is listening on PORT 5000","timestamp":"2025-06-18T15:42:54.376Z"}
{"label":"DYBLogistics_App","level":"info","message":"DYBLogistics is listening on PORT 5000","timestamp":"2025-06-18T15:46:07.461Z"}
{"label":"DYBLogistics_App","level":"info","message":"DYBLogistics is listening on PORT 5000","timestamp":"2025-06-18T15:46:22.100Z"}
{"label":"DYBLogistics_App","level":"info","message":"DYBLogistics is listening on PORT 5000","timestamp":"2025-06-18T15:46:58.131Z"}
{"label":"DYBLogistics_App","level":"info","message":"DYBLogistics is listening on PORT 5000","timestamp":"2025-06-18T15:47:51.687Z"}
{"label":"DYBLogistics_App","level":"info","message":"DYBLogistics is listening on PORT 5000","timestamp":"2025-06-18T15:49:52.350Z"}
{"label":"DYBLogistics_App","level":"info","message":"DYBLogistics is listening on PORT 5000","timestamp":"2025-06-18T15:51:05.849Z"}
{"label":"DYBLogistics_App","level":"info","message":"DYBLogistics is listening on PORT 5000","timestamp":"2025-06-18T15:53:26.691Z"}
{"label":"DYBLogistics_App","level":"info","message":"DYBLogistics is listening on PORT 5000","timestamp":"2025-06-18T15:53:32.659Z"}
{"label":"DYBLogistics_App","level":"info","message":"DYBLogistics is listening on PORT 5000","timestamp":"2025-06-18T15:53:47.996Z"}
{"label":"DYBLogistics_App","level":"info","message":"::1 - - [18/Jun/2025:15:55:00 +0000] \"GET / HTTP/1.1\" 200 80 \"-\" \"PostmanRuntime/7.44.1\"\n","timestamp":"2025-06-18T15:55:00.131Z"}
{"label":"DYBLogistics_App","level":"info","message":"DYBLogistics is listening on PORT 5000","timestamp":"2025-06-18T15:55:09.627Z"}
{"label":"DYBLogistics_App","level":"info","message":"DYBLogistics is listening on PORT 5000","timestamp":"2025-06-18T15:59:58.302Z"}
{"code":8000,"codeName":"AtlasError","connectionGeneration":0,"errorLabelSet":{},"errorResponse":{"code":8000,"codeName":"AtlasError","errmsg":"bad auth : authentication failed","ok":0},"label":"DYBLogistics_App","level":"info","message":"ApiError: A database error occurred bad auth : authentication failed","ok":0,"stack":"MongoServerError: bad auth : authentication failed\n    at Connection.sendCommand (C:\\Users\\User\\Desktop\\DYBLogisticsBackend\\node_modules\\mongodb\\lib\\cmap\\connection.js:305:27)\n    at process.processTicksAndRejections (node:internal/process/task_queues:95:5)\n    at async Connection.command (C:\\Users\\User\\Desktop\\DYBLogisticsBackend\\node_modules\\mongodb\\lib\\cmap\\connection.js:333:26)\n    at async continueScramConversation (C:\\Users\\User\\Desktop\\DYBLogisticsBackend\\node_modules\\mongodb\\lib\\cmap\\auth\\scram.js:131:15)\n    at async executeScram (C:\\Users\\User\\Desktop\\DYBLogisticsBackend\\node_modules\\mongodb\\lib\\cmap\\auth\\scram.js:80:5)\n    at async ScramSHA1.auth (C:\\Users\\User\\Desktop\\DYBLogisticsBackend\\node_modules\\mongodb\\lib\\cmap\\auth\\scram.js:39:16)\n    at async performInitialHandshake (C:\\Users\\User\\Desktop\\DYBLogisticsBackend\\node_modules\\mongodb\\lib\\cmap\\connect.js:104:13)\n    at async connect (C:\\Users\\User\\Desktop\\DYBLogisticsBackend\\node_modules\\mongodb\\lib\\cmap\\connect.js:24:9)","timestamp":"2025-06-18T16:07:25.913Z"}
{"code":8000,"codeName":"AtlasError","connectionGeneration":0,"errorLabelSet":{},"errorResponse":{"code":8000,"codeName":"AtlasError","errmsg":"bad auth : authentication failed","ok":0},"label":"DYBLogistics_App","level":"info","message":"ApiError: A database error occurred bad auth : authentication failed","ok":0,"stack":"MongoServerError: bad auth : authentication failed\n    at Connection.sendCommand (C:\\Users\\User\\Desktop\\DYBLogisticsBackend\\node_modules\\mongodb\\lib\\cmap\\connection.js:305:27)\n    at process.processTicksAndRejections (node:internal/process/task_queues:95:5)\n    at async Connection.command (C:\\Users\\User\\Desktop\\DYBLogisticsBackend\\node_modules\\mongodb\\lib\\cmap\\connection.js:333:26)\n    at async continueScramConversation (C:\\Users\\User\\Desktop\\DYBLogisticsBackend\\node_modules\\mongodb\\lib\\cmap\\auth\\scram.js:131:15)\n    at async executeScram (C:\\Users\\User\\Desktop\\DYBLogisticsBackend\\node_modules\\mongodb\\lib\\cmap\\auth\\scram.js:80:5)\n    at async ScramSHA1.auth (C:\\Users\\User\\Desktop\\DYBLogisticsBackend\\node_modules\\mongodb\\lib\\cmap\\auth\\scram.js:39:16)\n    at async performInitialHandshake (C:\\Users\\User\\Desktop\\DYBLogisticsBackend\\node_modules\\mongodb\\lib\\cmap\\connect.js:104:13)\n    at async connect (C:\\Users\\User\\Desktop\\DYBLogisticsBackend\\node_modules\\mongodb\\lib\\cmap\\connect.js:24:9)","timestamp":"2025-06-18T16:07:37.512Z"}
{"code":8000,"codeName":"AtlasError","connectionGeneration":0,"errorLabelSet":{},"errorResponse":{"code":8000,"codeName":"AtlasError","errmsg":"bad auth : authentication failed","ok":0},"label":"DYBLogistics_App","level":"info","message":"ApiError: A database error occurred bad auth : authentication failed","ok":0,"stack":"MongoServerError: bad auth : authentication failed\n    at Connection.sendCommand (C:\\Users\\User\\Desktop\\DYBLogisticsBackend\\node_modules\\mongodb\\lib\\cmap\\connection.js:305:27)\n    at process.processTicksAndRejections (node:internal/process/task_queues:95:5)\n    at async Connection.command (C:\\Users\\User\\Desktop\\DYBLogisticsBackend\\node_modules\\mongodb\\lib\\cmap\\connection.js:333:26)\n    at async continueScramConversation (C:\\Users\\User\\Desktop\\DYBLogisticsBackend\\node_modules\\mongodb\\lib\\cmap\\auth\\scram.js:131:15)\n    at async executeScram (C:\\Users\\User\\Desktop\\DYBLogisticsBackend\\node_modules\\mongodb\\lib\\cmap\\auth\\scram.js:80:5)\n    at async ScramSHA1.auth (C:\\Users\\User\\Desktop\\DYBLogisticsBackend\\node_modules\\mongodb\\lib\\cmap\\auth\\scram.js:39:16)\n    at async performInitialHandshake (C:\\Users\\User\\Desktop\\DYBLogisticsBackend\\node_modules\\mongodb\\lib\\cmap\\connect.js:104:13)\n    at async connect (C:\\Users\\User\\Desktop\\DYBLogisticsBackend\\node_modules\\mongodb\\lib\\cmap\\connect.js:24:9)","timestamp":"2025-06-18T16:08:40.983Z"}
{"code":8000,"codeName":"AtlasError","connectionGeneration":0,"errorLabelSet":{},"errorResponse":{"code":8000,"codeName":"AtlasError","errmsg":"bad auth : authentication failed","ok":0},"label":"DYBLogistics_App","level":"info","message":"ApiError: A database error occurred bad auth : authentication failed","ok":0,"stack":"MongoServerError: bad auth : authentication failed\n    at Connection.sendCommand (C:\\Users\\User\\Desktop\\DYBLogisticsBackend\\node_modules\\mongodb\\lib\\cmap\\connection.js:305:27)\n    at process.processTicksAndRejections (node:internal/process/task_queues:95:5)\n    at async Connection.command (C:\\Users\\User\\Desktop\\DYBLogisticsBackend\\node_modules\\mongodb\\lib\\cmap\\connection.js:333:26)\n    at async continueScramConversation (C:\\Users\\User\\Desktop\\DYBLogisticsBackend\\node_modules\\mongodb\\lib\\cmap\\auth\\scram.js:131:15)\n    at async executeScram (C:\\Users\\User\\Desktop\\DYBLogisticsBackend\\node_modules\\mongodb\\lib\\cmap\\auth\\scram.js:80:5)\n    at async ScramSHA1.auth (C:\\Users\\User\\Desktop\\DYBLogisticsBackend\\node_modules\\mongodb\\lib\\cmap\\auth\\scram.js:39:16)\n    at async performInitialHandshake (C:\\Users\\User\\Desktop\\DYBLogisticsBackend\\node_modules\\mongodb\\lib\\cmap\\connect.js:104:13)\n    at async connect (C:\\Users\\User\\Desktop\\DYBLogisticsBackend\\node_modules\\mongodb\\lib\\cmap\\connect.js:24:9)","timestamp":"2025-06-18T16:10:08.706Z"}
{"label":"DYBLogistics_App","level":"info","message":"Connected to Database Succssfully","timestamp":"2025-06-18T16:15:42.300Z"}
{"label":"DYBLogistics_App","level":"info","message":"DYBLogistics is listening on PORT 5000","timestamp":"2025-06-18T16:15:42.317Z"}
{"label":"DYBLogistics_App","level":"info","message":"Connected to Database Succssfully","timestamp":"2025-06-18T16:16:28.058Z"}
{"label":"DYBLogistics_App","level":"info","message":"DYBLogistics is listening on PORT 5000","timestamp":"2025-06-18T16:16:28.067Z"}
{"label":"DYBLogistics_App","level":"info","message":"Connected to Database Succssfully","timestamp":"2025-06-18T16:18:30.019Z"}
{"label":"DYBLogistics_App","level":"info","message":"DYBLogistics is listening on PORT 5000","timestamp":"2025-06-18T16:18:30.029Z"}
{"label":"DYBLogistics_App","level":"info","message":"Connected to Database Succssfully","timestamp":"2025-06-18T16:19:13.246Z"}
{"label":"DYBLogistics_App","level":"info","message":"DYBLogistics is listening on PORT 5000","timestamp":"2025-06-18T16:19:13.255Z"}
{"label":"DYBLogistics_App","level":"info","message":"DYBLogistics is listening on PORT 5000","timestamp":"2025-06-18T16:19:31.898Z"}
{"label":"DYBLogistics_App","level":"info","message":"DYBLogistics is listening on PORT 5000","timestamp":"2025-06-18T16:19:35.528Z"}
{"label":"DYBLogistics_App","level":"info","message":"DYBLogistics is listening on PORT 5000","timestamp":"2025-06-18T16:20:22.137Z"}
{"label":"DYBLogistics_App","level":"info","message":"DYBLogistics is listening on PORT 5000","timestamp":"2025-06-18T16:20:53.697Z"}
{"label":"DYBLogistics_App","level":"info","message":"DYBLogistics is listening on PORT 5000","timestamp":"2025-06-18T16:27:59.124Z"}
{"label":"DYBLogistics_App","level":"info","message":"DYBLogistics is listening on PORT 5000","timestamp":"2025-06-18T16:38:50.307Z"}
{"label":"DYBLogistics_App","level":"info","message":"DYBLogistics is listening on PORT 5000","timestamp":"2025-06-18T16:39:19.618Z"}
{"label":"DYBLogistics_App","level":"info","message":"DYBLogistics is listening on PORT 5000","timestamp":"2025-06-18T16:41:12.079Z"}
{"label":"DYBLogistics_App","level":"info","message":"DYBLogistics is listening on PORT 5000","timestamp":"2025-06-18T16:41:22.028Z"}
{"label":"DYBLogistics_App","level":"info","message":"DYBLogistics is listening on PORT 5000","timestamp":"2025-06-18T16:42:07.167Z"}
{"label":"DYBLogistics_App","level":"info","message":"DYBLogistics is listening on PORT 5000","timestamp":"2025-06-18T16:42:56.098Z"}
{"label":"DYBLogistics_App","level":"info","message":"DYBLogistics is listening on PORT 5000","timestamp":"2025-06-18T16:43:10.148Z"}
{"label":"DYBLogistics_App","level":"info","message":"DYBLogistics is listening on PORT 5000","timestamp":"2025-06-18T16:43:23.220Z"}
{"label":"DYBLogistics_App","level":"info","message":"DYBLogistics is listening on PORT 5000","timestamp":"2025-06-18T16:43:54.657Z"}
{"label":"DYBLogistics_App","level":"info","message":"DYBLogistics is listening on PORT 5000","timestamp":"2025-06-18T16:44:30.209Z"}
{"label":"DYBLogistics_App","level":"info","message":"DYBLogistics is listening on PORT 5000","timestamp":"2025-06-18T16:45:23.158Z"}
{"label":"DYBLogistics_App","level":"info","message":"DYBLogistics is listening on PORT 5000","timestamp":"2025-06-18T16:46:34.929Z"}
{"label":"DYBLogistics_App","level":"info","message":"DYBLogistics is listening on PORT 5000","timestamp":"2025-06-18T16:50:07.176Z"}
{"label":"DYBLogistics_App","level":"info","message":"DYBLogistics is listening on PORT 5000","timestamp":"2025-06-18T16:50:25.879Z"}
{"label":"DYBLogistics_App","level":"info","message":"DYBLogistics is listening on PORT 5000","timestamp":"2025-06-18T16:50:44.433Z"}
{"label":"DYBLogistics_App","level":"info","message":"DYBLogistics is listening on PORT 5000","timestamp":"2025-06-18T16:53:11.392Z"}
{"label":"DYBLogistics_App","level":"info","message":"DYBLogistics is listening on PORT 5000","timestamp":"2025-06-18T16:54:49.934Z"}
{"label":"DYBLogistics_App","level":"info","message":"DYBLogistics is listening on PORT 5000","timestamp":"2025-06-18T16:56:12.131Z"}
{"label":"DYBLogistics_App","level":"info","message":"DYBLogistics is listening on PORT 5000","timestamp":"2025-06-18T16:56:28.318Z"}
{"label":"DYBLogistics_App","level":"info","message":"DYBLogistics is listening on PORT 5000","timestamp":"2025-06-18T16:58:44.798Z"}
{"label":"DYBLogistics_App","level":"info","message":"DYBLogistics is listening on PORT 5000","timestamp":"2025-06-18T16:58:58.581Z"}
{"label":"DYBLogistics_App","level":"info","message":"DYBLogistics is listening on PORT 5000","timestamp":"2025-06-18T16:59:12.609Z"}
{"label":"DYBLogistics_App","level":"info","message":"DYBLogistics is listening on PORT 5000","timestamp":"2025-06-18T17:00:10.599Z"}
{"label":"DYBLogistics_App","level":"info","message":"DYBLogistics is listening on PORT 5000","timestamp":"2025-06-18T17:05:37.570Z"}
{"label":"DYBLogistics_App","level":"info","message":"Connected to Database Succssfully","timestamp":"2025-06-18T17:05:52.448Z"}
{"label":"DYBLogistics_App","level":"info","message":"DYBLogistics is listening on PORT 5000","timestamp":"2025-06-18T17:05:52.457Z"}
{"label":"DYBLogistics_App","level":"info","message":"Connected to Database Succssfully","timestamp":"2025-06-18T17:06:37.593Z"}
{"label":"DYBLogistics_App","level":"info","message":"DYBLogistics is listening on PORT 5000","timestamp":"2025-06-18T17:06:37.604Z"}
{"label":"DYBLogistics_App","level":"error","message":"ApiError - 404 - Oops, You have reached a dead end - /signup - POST - ::1","timestamp":"2025-06-18T17:09:01.600Z"}
{"label":"DYBLogistics_App","level":"info","message":"::1 - - [18/Jun/2025:17:09:01 +0000] \"POST /signup HTTP/1.1\" 404 63 \"-\" \"PostmanRuntime/7.44.1\"\n","timestamp":"2025-06-18T17:09:01.607Z"}
{"label":"DYBLogistics_App","level":"info","message":"::1 - - [18/Jun/2025:17:09:57 +0000] \"GET / HTTP/1.1\" 200 80 \"-\" \"PostmanRuntime/7.44.1\"\n","timestamp":"2025-06-18T17:09:57.983Z"}
{"label":"DYBLogistics_App","level":"error","message":"ApiError - 404 - Oops, You have reached a dead end - /signin - POST - ::1","timestamp":"2025-06-18T17:10:05.915Z"}
{"label":"DYBLogistics_App","level":"info","message":"::1 - - [18/Jun/2025:17:10:05 +0000] \"POST /signin HTTP/1.1\" 404 63 \"-\" \"PostmanRuntime/7.44.1\"\n","timestamp":"2025-06-18T17:10:05.917Z"}
{"label":"DYBLogistics_App","level":"info","message":"Connected to Database Succssfully","timestamp":"2025-06-18T17:10:17.657Z"}
{"label":"DYBLogistics_App","level":"info","message":"DYBLogistics is listening on PORT 5000","timestamp":"2025-06-18T17:10:17.670Z"}
{"label":"DYBLogistics_App","level":"error","message":"ApiError - 404 - Oops, You have reached a dead end - /signin - POST - ::1","timestamp":"2025-06-18T17:10:22.061Z"}
{"label":"DYBLogistics_App","level":"info","message":"::1 - - [18/Jun/2025:17:10:22 +0000] \"POST /signin HTTP/1.1\" 404 63 \"-\" \"PostmanRuntime/7.44.1\"\n","timestamp":"2025-06-18T17:10:22.068Z"}
{"label":"DYBLogistics_App","level":"info","message":"Connected to Database Succssfully","timestamp":"2025-06-18T17:11:44.901Z"}
{"label":"DYBLogistics_App","level":"info","message":"DYBLogistics is listening on PORT 5000","timestamp":"2025-06-18T17:11:44.911Z"}
{"label":"DYBLogistics_App","level":"info","message":"Connected to Database Succssfully","timestamp":"2025-06-18T17:12:13.430Z"}
{"label":"DYBLogistics_App","level":"info","message":"DYBLogistics is listening on PORT 5000","timestamp":"2025-06-18T17:12:13.437Z"}
{"label":"DYBLogistics_App","level":"info","message":"Connected to Database Succssfully","timestamp":"2025-06-18T17:12:33.083Z"}
{"label":"DYBLogistics_App","level":"info","message":"DYBLogistics is listening on PORT 5000","timestamp":"2025-06-18T17:12:33.090Z"}
{"label":"DYBLogistics_App","level":"error","message":"ApiError - 404 - Oops, You have reached a dead end - /signin - POST - ::1","timestamp":"2025-06-18T17:12:39.402Z"}
{"label":"DYBLogistics_App","level":"info","message":"::1 - - [18/Jun/2025:17:12:39 +0000] \"POST /signin HTTP/1.1\" 404 63 \"-\" \"PostmanRuntime/7.44.1\"\n","timestamp":"2025-06-18T17:12:39.412Z"}
{"label":"DYBLogistics_App","level":"error","message":"ApiError - 404 - Oops, You have reached a dead end - /signin - POST - ::1","timestamp":"2025-06-18T17:12:47.655Z"}
{"label":"DYBLogistics_App","level":"info","message":"::1 - - [18/Jun/2025:17:12:47 +0000] \"POST /signin HTTP/1.1\" 404 63 \"-\" \"PostmanRuntime/7.44.1\"\n","timestamp":"2025-06-18T17:12:47.658Z"}
{"label":"DYBLogistics_App","level":"error","message":"ApiError - 404 - Oops, You have reached a dead end - /signin - POST - ::1","timestamp":"2025-06-18T17:12:49.441Z"}
{"label":"DYBLogistics_App","level":"info","message":"::1 - - [18/Jun/2025:17:12:49 +0000] \"POST /signin HTTP/1.1\" 404 63 \"-\" \"PostmanRuntime/7.44.1\"\n","timestamp":"2025-06-18T17:12:49.443Z"}
{"label":"DYBLogistics_App","level":"info","message":"Connected to Database Succssfully","timestamp":"2025-06-18T17:12:56.499Z"}
{"label":"DYBLogistics_App","level":"info","message":"DYBLogistics is listening on PORT 5000","timestamp":"2025-06-18T17:12:56.507Z"}
{"label":"DYBLogistics_App","level":"error","message":"ApiError - 404 - Oops, You have reached a dead end - /signin - POST - ::1","timestamp":"2025-06-18T17:13:00.222Z"}
{"label":"DYBLogistics_App","level":"info","message":"::1 - - [18/Jun/2025:17:13:00 +0000] \"POST /signin HTTP/1.1\" 404 63 \"-\" \"PostmanRuntime/7.44.1\"\n","timestamp":"2025-06-18T17:13:00.230Z"}
{"label":"DYBLogistics_App","level":"info","message":"Connected to Database Succssfully","timestamp":"2025-06-18T17:20:00.578Z"}
{"label":"DYBLogistics_App","level":"info","message":"DYBLogistics is listening on PORT 5000","timestamp":"2025-06-18T17:20:00.586Z"}
{"label":"DYBLogistics_App","level":"info","message":"Connected to Database Succssfully","timestamp":"2025-06-18T17:20:07.743Z"}
{"label":"DYBLogistics_App","level":"info","message":"DYBLogistics is listening on PORT 5000","timestamp":"2025-06-18T17:20:07.751Z"}
{"label":"DYBLogistics_App","level":"error","message":"ApiError - 404 - Oops, You have reached a dead end - /signin - POST - ::1","timestamp":"2025-06-18T17:20:13.307Z"}
{"label":"DYBLogistics_App","level":"info","message":"::1 - - [18/Jun/2025:17:20:13 +0000] \"POST /signin HTTP/1.1\" 404 63 \"-\" \"PostmanRuntime/7.44.1\"\n","timestamp":"2025-06-18T17:20:13.315Z"}
{"label":"DYBLogistics_App","level":"info","message":"Connected to Database Succssfully","timestamp":"2025-06-18T17:20:52.969Z"}
{"label":"DYBLogistics_App","level":"info","message":"DYBLogistics is listening on PORT 5000","timestamp":"2025-06-18T17:20:52.976Z"}
{"label":"DYBLogistics_App","level":"error","message":"ApiError - 404 - Oops, You have reached a dead end - /signin - POST - ::1","timestamp":"2025-06-18T17:21:00.314Z"}
{"label":"DYBLogistics_App","level":"info","message":"::1 - - [18/Jun/2025:17:21:00 +0000] \"POST /signin HTTP/1.1\" 404 63 \"-\" \"PostmanRuntime/7.44.1\"\n","timestamp":"2025-06-18T17:21:00.328Z"}
{"label":"DYBLogistics_App","level":"info","message":"Connected to Database Succssfully","timestamp":"2025-06-18T17:21:09.219Z"}
{"label":"DYBLogistics_App","level":"info","message":"DYBLogistics is listening on PORT 5000","timestamp":"2025-06-18T17:21:09.227Z"}
{"label":"DYBLogistics_App","level":"info","message":"Connected to Database Succssfully","timestamp":"2025-06-18T17:21:24.073Z"}
{"label":"DYBLogistics_App","level":"info","message":"DYBLogistics is listening on PORT 5000","timestamp":"2025-06-18T17:21:24.084Z"}
{"label":"DYBLogistics_App","level":"info","message":"Connected to Database Succssfully","timestamp":"2025-06-18T17:24:06.988Z"}
{"label":"DYBLogistics_App","level":"info","message":"DYBLogistics is listening on PORT 5000","timestamp":"2025-06-18T17:24:06.996Z"}
{"label":"DYBLogistics_App","level":"info","message":"Connected to Database Succssfully","timestamp":"2025-06-18T17:24:22.629Z"}
{"label":"DYBLogistics_App","level":"info","message":"DYBLogistics is listening on PORT 5000","timestamp":"2025-06-18T17:24:22.645Z"}
{"label":"DYBLogistics_App","level":"error","message":"ApiError - 404 - Oops, You have reached a dead end - /signin - POST - ::1","timestamp":"2025-06-18T17:24:27.411Z"}
{"label":"DYBLogistics_App","level":"info","message":"::1 - - [18/Jun/2025:17:24:27 +0000] \"POST /signin HTTP/1.1\" 404 63 \"-\" \"PostmanRuntime/7.44.1\"\n","timestamp":"2025-06-18T17:24:27.422Z"}
{"label":"DYBLogistics_App","level":"info","message":"Connected to Database Succssfully","timestamp":"2025-06-18T17:27:43.416Z"}
{"label":"DYBLogistics_App","level":"info","message":"DYBLogistics is listening on PORT 5000","timestamp":"2025-06-18T17:27:43.424Z"}
{"label":"DYBLogistics_App","level":"info","message":"::1 - - [18/Jun/2025:17:27:47 +0000] \"POST /signin HTTP/1.1\" 404 146 \"-\" \"PostmanRuntime/7.44.1\"\n","timestamp":"2025-06-18T17:27:47.803Z"}
{"label":"DYBLogistics_App","level":"info","message":"::1 - - [18/Jun/2025:17:28:25 +0000] \"POST /signup HTTP/1.1\" 200 277 \"-\" \"PostmanRuntime/7.44.1\"\n","timestamp":"2025-06-18T17:28:25.920Z"}
{"label":"DYBLogistics_App","level":"info","message":"Connected to Database Succssfully","timestamp":"2025-06-18T17:29:10.139Z"}
{"label":"DYBLogistics_App","level":"info","message":"DYBLogistics is listening on PORT 5000","timestamp":"2025-06-18T17:29:10.147Z"}
{"label":"DYBLogistics_App","level":"info","message":"Connected to Database Succssfully","timestamp":"2025-06-18T17:30:22.868Z"}
{"label":"DYBLogistics_App","level":"info","message":"DYBLogistics is listening on PORT 5000","timestamp":"2025-06-18T17:30:22.883Z"}
{"label":"DYBLogistics_App","level":"info","message":"Connected to Database Succssfully","timestamp":"2025-06-18T17:32:42.676Z"}
{"label":"DYBLogistics_App","level":"info","message":"DYBLogistics is listening on PORT 5000","timestamp":"2025-06-18T17:32:42.691Z"}
{"label":"DYBLogistics_App","level":"info","message":"Connected to Database Succssfully","timestamp":"2025-06-18T17:33:05.984Z"}
{"label":"DYBLogistics_App","level":"info","message":"DYBLogistics is listening on PORT 5000","timestamp":"2025-06-18T17:33:05.998Z"}
{"label":"DYBLogistics_App","level":"info","message":"Connected to Database Succssfully","timestamp":"2025-06-18T17:33:51.448Z"}
{"label":"DYBLogistics_App","level":"info","message":"DYBLogistics is listening on PORT 5000","timestamp":"2025-06-18T17:33:51.456Z"}
{"label":"DYBLogistics_App","level":"info","message":"Connected to Database Succssfully","timestamp":"2025-06-18T17:35:26.455Z"}
{"label":"DYBLogistics_App","level":"info","message":"DYBLogistics is listening on PORT 5000","timestamp":"2025-06-18T17:35:26.462Z"}
{"label":"DYBLogistics_App","level":"info","message":"Connected to Database Succssfully","timestamp":"2025-06-18T17:38:51.358Z"}
{"label":"DYBLogistics_App","level":"info","message":"DYBLogistics is listening on PORT 5000","timestamp":"2025-06-18T17:38:51.368Z"}
{"label":"DYBLogistics_App","level":"info","message":"::1 - - [18/Jun/2025:17:42:22 +0000] \"POST /signin HTTP/1.1\" 404 146 \"-\" \"PostmanRuntime/7.44.1\"\n","timestamp":"2025-06-18T17:42:22.177Z"}
{"label":"DYBLogistics_App","level":"error","message":"ApiError - 500 - Oops, something broke on the server!!! - /v1/signin - POST - ::1","timestamp":"2025-06-18T17:42:37.324Z"}
{"label":"DYBLogistics_App","level":"info","message":"::1 - - [18/Jun/2025:17:42:37 +0000] \"POST /v1/signin HTTP/1.1\" 500 68 \"-\" \"PostmanRuntime/7.44.1\"\n","timestamp":"2025-06-18T17:42:37.327Z"}
{"label":"DYBLogistics_App","level":"error","message":"Error creating user - DBError - E11000 duplicate key error collection: test.users index: email_1 dup key: { email: \"ogtery@gmail.com\" }","timestamp":"2025-06-18T17:42:55.020Z"}
{"label":"DYBLogistics_App","level":"error","message":"ApiError - 500 - Error creating user - /v1/signup - POST - ::1","timestamp":"2025-06-18T17:42:55.021Z"}
{"label":"DYBLogistics_App","level":"info","message":"::1 - - [18/Jun/2025:17:42:55 +0000] \"POST /v1/signup HTTP/1.1\" 500 49 \"-\" \"PostmanRuntime/7.44.1\"\n","timestamp":"2025-06-18T17:42:55.022Z"}
{"label":"DYBLogistics_App","level":"info","message":"Connected to Database Succssfully","timestamp":"2025-06-18T17:43:18.604Z"}
{"label":"DYBLogistics_App","level":"info","message":"DYBLogistics is listening on PORT 5000","timestamp":"2025-06-18T17:43:18.616Z"}
{"label":"DYBLogistics_App","level":"error","message":"ApiError - 500 - Oops, something broke on the server!!! - /v1/signin - POST - ::1","timestamp":"2025-06-18T17:43:40.172Z"}
{"label":"DYBLogistics_App","level":"info","message":"::1 - - [18/Jun/2025:17:43:40 +0000] \"POST /v1/signin HTTP/1.1\" 500 68 \"-\" \"PostmanRuntime/7.44.1\"\n","timestamp":"2025-06-18T17:43:40.179Z"}
{"label":"DYBLogistics_App","level":"info","message":"::1 - - [18/Jun/2025:17:44:12 +0000] \"POST /v1/signup HTTP/1.1\" 200 278 \"-\" \"PostmanRuntime/7.44.1\"\n","timestamp":"2025-06-18T17:44:12.369Z"}
{"label":"DYBLogistics_App","level":"info","message":"Connected to Database Succssfully","timestamp":"2025-06-18T18:01:45.113Z"}
{"label":"DYBLogistics_App","level":"info","message":"DYBLogistics is listening on PORT 5000","timestamp":"2025-06-18T18:01:45.122Z"}
{"label":"DYBLogistics_App","level":"info","message":"Connected to Database Succssfully","timestamp":"2025-06-18T18:07:29.435Z"}
{"label":"DYBLogistics_App","level":"info","message":"DYBLogistics is listening on PORT 5000","timestamp":"2025-06-18T18:07:29.444Z"}
{"label":"DYBLogistics_App","level":"info","message":"Connected to Database Succssfully","timestamp":"2025-06-18T18:13:08.023Z"}
{"label":"DYBLogistics_App","level":"info","message":"DYBLogistics is listening on PORT 5000","timestamp":"2025-06-18T18:13:08.045Z"}
{"label":"DYBLogistics_App","level":"info","message":"Connected to Database Succssfully","timestamp":"2025-06-18T18:27:19.045Z"}
{"label":"DYBLogistics_App","level":"info","message":"DYBLogistics is listening on PORT 5000","timestamp":"2025-06-18T18:27:19.081Z"}
{"label":"DYBLogistics_App","level":"info","message":"Connected to Database Succssfully","timestamp":"2025-06-18T18:27:37.946Z"}
{"label":"DYBLogistics_App","level":"info","message":"DYBLogistics is listening on PORT 5000","timestamp":"2025-06-18T18:27:37.959Z"}
{"label":"DYBLogistics_App","level":"error","message":"ApiError - 401 - Invalid email or password - /v1/signin - POST - ::1","timestamp":"2025-06-18T18:27:43.072Z"}
{"label":"DYBLogistics_App","level":"info","message":"::1 - - [18/Jun/2025:18:27:43 +0000] \"POST /v1/signin HTTP/1.1\" 401 55 \"-\" \"PostmanRuntime/7.44.1\"\n","timestamp":"2025-06-18T18:27:43.096Z"}
{"label":"DYBLogistics_App","level":"info","message":"Connected to Database Succssfully","timestamp":"2025-06-18T18:28:10.579Z"}
{"label":"DYBLogistics_App","level":"info","message":"DYBLogistics is listening on PORT 5000","timestamp":"2025-06-18T18:28:10.593Z"}
{"label":"DYBLogistics_App","level":"info","message":"Connected to Database Succssfully","timestamp":"2025-06-18T18:29:27.854Z"}
{"label":"DYBLogistics_App","level":"info","message":"DYBLogistics is listening on PORT 5000","timestamp":"2025-06-18T18:29:27.872Z"}
{"label":"DYBLogistics_App","level":"error","message":"ApiError - 401 - Invalid email or password - /v1/signin - POST - ::1","timestamp":"2025-06-18T18:29:29.277Z"}
{"label":"DYBLogistics_App","level":"info","message":"::1 - - [18/Jun/2025:18:29:29 +0000] \"POST /v1/signin HTTP/1.1\" 401 55 \"-\" \"PostmanRuntime/7.44.1\"\n","timestamp":"2025-06-18T18:29:29.287Z"}
{"label":"DYBLogistics_App","level":"info","message":"Connected to Database Succssfully","timestamp":"2025-06-18T18:29:43.853Z"}
{"label":"DYBLogistics_App","level":"info","message":"DYBLogistics is listening on PORT 5000","timestamp":"2025-06-18T18:29:43.871Z"}
{"label":"DYBLogistics_App","level":"error","message":"ApiError - 401 - Invalid email or password - /v1/signin - POST - ::1","timestamp":"2025-06-18T18:29:50.477Z"}
{"label":"DYBLogistics_App","level":"info","message":"::1 - - [18/Jun/2025:18:29:50 +0000] \"POST /v1/signin HTTP/1.1\" 401 55 \"-\" \"PostmanRuntime/7.44.1\"\n","timestamp":"2025-06-18T18:29:50.486Z"}
{"label":"DYBLogistics_App","level":"info","message":"Connected to Database Succssfully","timestamp":"2025-06-18T18:30:25.865Z"}
{"label":"DYBLogistics_App","level":"info","message":"DYBLogistics is listening on PORT 5000","timestamp":"2025-06-18T18:30:25.894Z"}
{"label":"DYBLogistics_App","level":"error","message":"ApiError - 401 - Invalid email or password - /v1/signin - POST - ::1","timestamp":"2025-06-18T18:30:34.924Z"}
{"label":"DYBLogistics_App","level":"info","message":"::1 - - [18/Jun/2025:18:30:34 +0000] \"POST /v1/signin HTTP/1.1\" 401 55 \"-\" \"PostmanRuntime/7.44.1\"\n","timestamp":"2025-06-18T18:30:34.936Z"}
{"label":"DYBLogistics_App","level":"error","message":"ApiError - 401 - Invalid email or password - /v1/signin - POST - ::1","timestamp":"2025-06-18T18:31:49.036Z"}
{"label":"DYBLogistics_App","level":"info","message":"::1 - - [18/Jun/2025:18:31:49 +0000] \"POST /v1/signin HTTP/1.1\" 401 55 \"-\" \"PostmanRuntime/7.44.1\"\n","timestamp":"2025-06-18T18:31:49.043Z"}
{"label":"DYBLogistics_App","level":"info","message":"Connected to Database Succssfully","timestamp":"2025-06-18T18:34:51.891Z"}
{"label":"DYBLogistics_App","level":"info","message":"DYBLogistics is listening on PORT 5000","timestamp":"2025-06-18T18:34:51.899Z"}
{"label":"DYBLogistics_App","level":"info","message":"Connected to Database Succssfully","timestamp":"2025-06-18T18:35:02.503Z"}
{"label":"DYBLogistics_App","level":"info","message":"DYBLogistics is listening on PORT 5000","timestamp":"2025-06-18T18:35:02.514Z"}
{"label":"DYBLogistics_App","level":"error","message":"ApiError - 401 - Invalid email or password - /v1/signin - POST - ::1","timestamp":"2025-06-18T18:35:10.716Z"}
{"label":"DYBLogistics_App","level":"info","message":"::1 - - [18/Jun/2025:18:35:10 +0000] \"POST /v1/signin HTTP/1.1\" 401 55 \"-\" \"PostmanRuntime/7.44.1\"\n","timestamp":"2025-06-18T18:35:10.723Z"}
{"label":"DYBLogistics_App","level":"error","message":"Error creating user - DBError - E11000 duplicate key error collection: test.users index: email_1 dup key: { email: \"benbrown@gmail.com\" }","timestamp":"2025-06-18T18:35:22.262Z"}
{"label":"DYBLogistics_App","level":"error","message":"ApiError - 500 - Error creating user - /v1/signup - POST - ::1","timestamp":"2025-06-18T18:35:22.264Z"}
{"label":"DYBLogistics_App","level":"info","message":"::1 - - [18/Jun/2025:18:35:22 +0000] \"POST /v1/signup HTTP/1.1\" 500 49 \"-\" \"PostmanRuntime/7.44.1\"\n","timestamp":"2025-06-18T18:35:22.266Z"}
{"label":"DYBLogistics_App","level":"error","message":"ApiError - 401 - Invalid email or password - /v1/signin - POST - ::1","timestamp":"2025-06-18T18:36:08.102Z"}
{"label":"DYBLogistics_App","level":"info","message":"::1 - - [18/Jun/2025:18:36:08 +0000] \"POST /v1/signin HTTP/1.1\" 401 55 \"-\" \"PostmanRuntime/7.44.1\"\n","timestamp":"2025-06-18T18:36:08.104Z"}
{"label":"DYBLogistics_App","level":"info","message":"Connected to Database Succssfully","timestamp":"2025-06-18T18:36:21.772Z"}
{"label":"DYBLogistics_App","level":"info","message":"DYBLogistics is listening on PORT 5000","timestamp":"2025-06-18T18:36:21.784Z"}
{"label":"DYBLogistics_App","level":"info","message":"Connected to Database Succssfully","timestamp":"2025-06-18T18:39:02.370Z"}
{"label":"DYBLogistics_App","level":"info","message":"DYBLogistics is listening on PORT 5000","timestamp":"2025-06-18T18:39:02.382Z"}
{"label":"DYBLogistics_App","level":"error","message":"ApiError - 401 - Invalid email or password - /v1/signin - POST - ::1","timestamp":"2025-06-18T18:39:04.089Z"}
{"label":"DYBLogistics_App","level":"info","message":"::1 - - [18/Jun/2025:18:39:04 +0000] \"POST /v1/signin HTTP/1.1\" 401 55 \"-\" \"PostmanRuntime/7.44.1\"\n","timestamp":"2025-06-18T18:39:04.113Z"}
{"label":"DYBLogistics_App","level":"info","message":"Connected to Database Succssfully","timestamp":"2025-06-18T18:39:57.264Z"}
{"label":"DYBLogistics_App","level":"info","message":"DYBLogistics is listening on PORT 5000","timestamp":"2025-06-18T18:39:57.287Z"}
{"label":"DYBLogistics_App","level":"info","message":"Connected to Database Succssfully","timestamp":"2025-06-18T18:41:22.108Z"}
{"label":"DYBLogistics_App","level":"info","message":"DYBLogistics is listening on PORT 5000","timestamp":"2025-06-18T18:41:22.118Z"}
{"label":"DYBLogistics_App","level":"info","message":"Connected to Database Succssfully","timestamp":"2025-06-18T18:41:29.789Z"}
{"label":"DYBLogistics_App","level":"info","message":"DYBLogistics is listening on PORT 5000","timestamp":"2025-06-18T18:41:29.800Z"}
{"label":"DYBLogistics_App","level":"info","message":"Connected to Database Succssfully","timestamp":"2025-06-18T18:41:39.698Z"}
{"label":"DYBLogistics_App","level":"info","message":"DYBLogistics is listening on PORT 5000","timestamp":"2025-06-18T18:41:39.706Z"}
{"cause":{"commonWireVersion":0,"compatible":true,"heartbeatFrequencyMS":10000,"localThresholdMS":15,"logicalSessionTimeoutMinutes":null,"maxElectionId":null,"maxSetVersion":null,"servers":{"ac-vmsu1zn-shard-00-00.mfx3ppl.mongodb.net:27017":{"$clusterTime":null,"address":"ac-vmsu1zn-shard-00-00.mfx3ppl.mongodb.net:27017","arbiters":[],"electionId":null,"error":{"beforeHandshake":false,"errorLabelSet":{}},"hosts":[],"iscryptd":false,"lastUpdateTime":644670965,"lastWriteDate":0,"logicalSessionTimeoutMinutes":null,"maxBsonObjectSize":null,"maxMessageSizeBytes":null,"maxWireVersion":0,"maxWriteBatchSize":null,"me":null,"minRoundTripTime":0,"minWireVersion":0,"passives":[],"primary":null,"roundTripTime":-1,"setName":null,"setVersion":null,"tags":{},"topologyVersion":null,"type":"Unknown"},"ac-vmsu1zn-shard-00-01.mfx3ppl.mongodb.net:27017":{"$clusterTime":null,"address":"ac-vmsu1zn-shard-00-01.mfx3ppl.mongodb.net:27017","arbiters":[],"electionId":null,"error":{"beforeHandshake":false,"errorLabelSet":{}},"hosts":[],"iscryptd":false,"lastUpdateTime":644670990,"lastWriteDate":0,"logicalSessionTimeoutMinutes":null,"maxBsonObjectSize":null,"maxMessageSizeBytes":null,"maxWireVersion":0,"maxWriteBatchSize":null,"me":null,"minRoundTripTime":0,"minWireVersion":0,"passives":[],"primary":null,"roundTripTime":-1,"setName":null,"setVersion":null,"tags":{},"topologyVersion":null,"type":"Unknown"},"ac-vmsu1zn-shard-00-02.mfx3ppl.mongodb.net:27017":{"$clusterTime":null,"address":"ac-vmsu1zn-shard-00-02.mfx3ppl.mongodb.net:27017","arbiters":[],"electionId":null,"error":{"beforeHandshake":false,"errorLabelSet":{}},"hosts":[],"iscryptd":false,"lastUpdateTime":644670975,"lastWriteDate":0,"logicalSessionTimeoutMinutes":null,"maxBsonObjectSize":null,"maxMessageSizeBytes":null,"maxWireVersion":0,"maxWriteBatchSize":null,"me":null,"minRoundTripTime":0,"minWireVersion":0,"passives":[],"primary":null,"roundTripTime":-1,"setName":null,"setVersion":null,"tags":{},"topologyVersion":null,"type":"Unknown"}},"setName":"atlas-cpqnm5-shard-0","stale":false,"type":"ReplicaSetNoPrimary"},"errorLabelSet":{},"label":"DYBLogistics_App","level":"info","message":"ApiError: A database error occurred Could not connect to any servers in your MongoDB Atlas cluster. One common reason is that you're trying to access the database from an IP that isn't whitelisted. Make sure your current IP address is on your Atlas cluster's IP whitelist: https://www.mongodb.com/docs/atlas/security-whitelist/","reason":{"commonWireVersion":0,"compatible":true,"heartbeatFrequencyMS":10000,"localThresholdMS":15,"logicalSessionTimeoutMinutes":null,"maxElectionId":null,"maxSetVersion":null,"servers":{"ac-vmsu1zn-shard-00-00.mfx3ppl.mongodb.net:27017":{"$clusterTime":null,"address":"ac-vmsu1zn-shard-00-00.mfx3ppl.mongodb.net:27017","arbiters":[],"electionId":null,"error":{"beforeHandshake":false,"errorLabelSet":{}},"hosts":[],"iscryptd":false,"lastUpdateTime":644670965,"lastWriteDate":0,"logicalSessionTimeoutMinutes":null,"maxBsonObjectSize":null,"maxMessageSizeBytes":null,"maxWireVersion":0,"maxWriteBatchSize":null,"me":null,"minRoundTripTime":0,"minWireVersion":0,"passives":[],"primary":null,"roundTripTime":-1,"setName":null,"setVersion":null,"tags":{},"topologyVersion":null,"type":"Unknown"},"ac-vmsu1zn-shard-00-01.mfx3ppl.mongodb.net:27017":{"$clusterTime":null,"address":"ac-vmsu1zn-shard-00-01.mfx3ppl.mongodb.net:27017","arbiters":[],"electionId":null,"error":{"beforeHandshake":false,"errorLabelSet":{}},"hosts":[],"iscryptd":false,"lastUpdateTime":644670990,"lastWriteDate":0,"logicalSessionTimeoutMinutes":null,"maxBsonObjectSize":null,"maxMessageSizeBytes":null,"maxWireVersion":0,"maxWriteBatchSize":null,"me":null,"minRoundTripTime":0,"minWireVersion":0,"passives":[],"primary":null,"roundTripTime":-1,"setName":null,"setVersion":null,"tags":{},"topologyVersion":null,"type":"Unknown"},"ac-vmsu1zn-shard-00-02.mfx3ppl.mongodb.net:27017":{"$clusterTime":null,"address":"ac-vmsu1zn-shard-00-02.mfx3ppl.mongodb.net:27017","arbiters":[],"electionId":null,"error":{"beforeHandshake":false,"errorLabelSet":{}},"hosts":[],"iscryptd":false,"lastUpdateTime":644670975,"lastWriteDate":0,"logicalSessionTimeoutMinutes":null,"maxBsonObjectSize":null,"maxMessageSizeBytes":null,"maxWireVersion":0,"maxWriteBatchSize":null,"me":null,"minRoundTripTime":0,"minWireVersion":0,"passives":[],"primary":null,"roundTripTime":-1,"setName":null,"setVersion":null,"tags":{},"topologyVersion":null,"type":"Unknown"}},"setName":"atlas-cpqnm5-shard-0","stale":false,"type":"ReplicaSetNoPrimary"},"stack":"MongooseServerSelectionError: Could not connect to any servers in your MongoDB Atlas cluster. One common reason is that you're trying to access the database from an IP that isn't whitelisted. Make sure your current IP address is on your Atlas cluster's IP whitelist: https://www.mongodb.com/docs/atlas/security-whitelist/\n    at _handleConnectionErrors (C:\\Users\\User\\Desktop\\DYBLogisticsBackend\\node_modules\\mongoose\\lib\\connection.js:1165:11)\n    at NativeConnection.openUri (C:\\Users\\User\\Desktop\\DYBLogisticsBackend\\node_modules\\mongoose\\lib\\connection.js:1096:11)\n    at async connectDB (file:///C:/Users/User/Desktop/DYBLogisticsBackend/app/db/setup/dbconnect.js:12:5)\n    at async appConfig (file:///C:/Users/User/Desktop/DYBLogisticsBackend/config/app.js:53:3)","timestamp":"2025-06-18T19:43:14.186Z"}
{"cause":{"commonWireVersion":0,"compatible":true,"heartbeatFrequencyMS":10000,"localThresholdMS":15,"logicalSessionTimeoutMinutes":null,"maxElectionId":null,"maxSetVersion":null,"servers":{"ac-vmsu1zn-shard-00-00.mfx3ppl.mongodb.net:27017":{"$clusterTime":null,"address":"ac-vmsu1zn-shard-00-00.mfx3ppl.mongodb.net:27017","arbiters":[],"electionId":null,"error":{"beforeHandshake":false,"errorLabelSet":{}},"hosts":[],"iscryptd":false,"lastUpdateTime":644811468,"lastWriteDate":0,"logicalSessionTimeoutMinutes":null,"maxBsonObjectSize":null,"maxMessageSizeBytes":null,"maxWireVersion":0,"maxWriteBatchSize":null,"me":null,"minRoundTripTime":0,"minWireVersion":0,"passives":[],"primary":null,"roundTripTime":-1,"setName":null,"setVersion":null,"tags":{},"topologyVersion":null,"type":"Unknown"},"ac-vmsu1zn-shard-00-01.mfx3ppl.mongodb.net:27017":{"$clusterTime":null,"address":"ac-vmsu1zn-shard-00-01.mfx3ppl.mongodb.net:27017","arbiters":[],"electionId":null,"error":{"beforeHandshake":false,"errorLabelSet":{}},"hosts":[],"iscryptd":false,"lastUpdateTime":644811648,"lastWriteDate":0,"logicalSessionTimeoutMinutes":null,"maxBsonObjectSize":null,"maxMessageSizeBytes":null,"maxWireVersion":0,"maxWriteBatchSize":null,"me":null,"minRoundTripTime":0,"minWireVersion":0,"passives":[],"primary":null,"roundTripTime":-1,"setName":null,"setVersion":null,"tags":{},"topologyVersion":null,"type":"Unknown"},"ac-vmsu1zn-shard-00-02.mfx3ppl.mongodb.net:27017":{"$clusterTime":null,"address":"ac-vmsu1zn-shard-00-02.mfx3ppl.mongodb.net:27017","arbiters":[],"electionId":null,"error":{"beforeHandshake":false,"errorLabelSet":{}},"hosts":[],"iscryptd":false,"lastUpdateTime":644811294,"lastWriteDate":0,"logicalSessionTimeoutMinutes":null,"maxBsonObjectSize":null,"maxMessageSizeBytes":null,"maxWireVersion":0,"maxWriteBatchSize":null,"me":null,"minRoundTripTime":0,"minWireVersion":0,"passives":[],"primary":null,"roundTripTime":-1,"setName":null,"setVersion":null,"tags":{},"topologyVersion":null,"type":"Unknown"}},"setName":"atlas-cpqnm5-shard-0","stale":false,"type":"ReplicaSetNoPrimary"},"errorLabelSet":{},"label":"DYBLogistics_App","level":"info","message":"ApiError: A database error occurred Could not connect to any servers in your MongoDB Atlas cluster. One common reason is that you're trying to access the database from an IP that isn't whitelisted. Make sure your current IP address is on your Atlas cluster's IP whitelist: https://www.mongodb.com/docs/atlas/security-whitelist/","reason":{"commonWireVersion":0,"compatible":true,"heartbeatFrequencyMS":10000,"localThresholdMS":15,"logicalSessionTimeoutMinutes":null,"maxElectionId":null,"maxSetVersion":null,"servers":{"ac-vmsu1zn-shard-00-00.mfx3ppl.mongodb.net:27017":{"$clusterTime":null,"address":"ac-vmsu1zn-shard-00-00.mfx3ppl.mongodb.net:27017","arbiters":[],"electionId":null,"error":{"beforeHandshake":false,"errorLabelSet":{}},"hosts":[],"iscryptd":false,"lastUpdateTime":644811468,"lastWriteDate":0,"logicalSessionTimeoutMinutes":null,"maxBsonObjectSize":null,"maxMessageSizeBytes":null,"maxWireVersion":0,"maxWriteBatchSize":null,"me":null,"minRoundTripTime":0,"minWireVersion":0,"passives":[],"primary":null,"roundTripTime":-1,"setName":null,"setVersion":null,"tags":{},"topologyVersion":null,"type":"Unknown"},"ac-vmsu1zn-shard-00-01.mfx3ppl.mongodb.net:27017":{"$clusterTime":null,"address":"ac-vmsu1zn-shard-00-01.mfx3ppl.mongodb.net:27017","arbiters":[],"electionId":null,"error":{"beforeHandshake":false,"errorLabelSet":{}},"hosts":[],"iscryptd":false,"lastUpdateTime":644811648,"lastWriteDate":0,"logicalSessionTimeoutMinutes":null,"maxBsonObjectSize":null,"maxMessageSizeBytes":null,"maxWireVersion":0,"maxWriteBatchSize":null,"me":null,"minRoundTripTime":0,"minWireVersion":0,"passives":[],"primary":null,"roundTripTime":-1,"setName":null,"setVersion":null,"tags":{},"topologyVersion":null,"type":"Unknown"},"ac-vmsu1zn-shard-00-02.mfx3ppl.mongodb.net:27017":{"$clusterTime":null,"address":"ac-vmsu1zn-shard-00-02.mfx3ppl.mongodb.net:27017","arbiters":[],"electionId":null,"error":{"beforeHandshake":false,"errorLabelSet":{}},"hosts":[],"iscryptd":false,"lastUpdateTime":644811294,"lastWriteDate":0,"logicalSessionTimeoutMinutes":null,"maxBsonObjectSize":null,"maxMessageSizeBytes":null,"maxWireVersion":0,"maxWriteBatchSize":null,"me":null,"minRoundTripTime":0,"minWireVersion":0,"passives":[],"primary":null,"roundTripTime":-1,"setName":null,"setVersion":null,"tags":{},"topologyVersion":null,"type":"Unknown"}},"setName":"atlas-cpqnm5-shard-0","stale":false,"type":"ReplicaSetNoPrimary"},"stack":"MongooseServerSelectionError: Could not connect to any servers in your MongoDB Atlas cluster. One common reason is that you're trying to access the database from an IP that isn't whitelisted. Make sure your current IP address is on your Atlas cluster's IP whitelist: https://www.mongodb.com/docs/atlas/security-whitelist/\n    at _handleConnectionErrors (C:\\Users\\User\\Desktop\\DYBLogisticsBackend\\node_modules\\mongoose\\lib\\connection.js:1165:11)\n    at NativeConnection.openUri (C:\\Users\\User\\Desktop\\DYBLogisticsBackend\\node_modules\\mongoose\\lib\\connection.js:1096:11)\n    at async connectDB (file:///C:/Users/User/Desktop/DYBLogisticsBackend/app/db/setup/dbconnect.js:12:5)\n    at async appConfig (file:///C:/Users/User/Desktop/DYBLogisticsBackend/config/app.js:53:3)","timestamp":"2025-06-18T19:45:34.350Z"}
{"cause":{"commonWireVersion":0,"compatible":true,"heartbeatFrequencyMS":10000,"localThresholdMS":15,"logicalSessionTimeoutMinutes":null,"maxElectionId":null,"maxSetVersion":null,"servers":{"ac-vmsu1zn-shard-00-00.mfx3ppl.mongodb.net:27017":{"$clusterTime":null,"address":"ac-vmsu1zn-shard-00-00.mfx3ppl.mongodb.net:27017","arbiters":[],"electionId":null,"error":{"beforeHandshake":false,"errorLabelSet":{}},"hosts":[],"iscryptd":false,"lastUpdateTime":644888837,"lastWriteDate":0,"logicalSessionTimeoutMinutes":null,"maxBsonObjectSize":null,"maxMessageSizeBytes":null,"maxWireVersion":0,"maxWriteBatchSize":null,"me":null,"minRoundTripTime":0,"minWireVersion":0,"passives":[],"primary":null,"roundTripTime":-1,"setName":null,"setVersion":null,"tags":{},"topologyVersion":null,"type":"Unknown"},"ac-vmsu1zn-shard-00-01.mfx3ppl.mongodb.net:27017":{"$clusterTime":null,"address":"ac-vmsu1zn-shard-00-01.mfx3ppl.mongodb.net:27017","arbiters":[],"electionId":null,"error":{"beforeHandshake":false,"errorLabelSet":{}},"hosts":[],"iscryptd":false,"lastUpdateTime":644888204,"lastWriteDate":0,"logicalSessionTimeoutMinutes":null,"maxBsonObjectSize":null,"maxMessageSizeBytes":null,"maxWireVersion":0,"maxWriteBatchSize":null,"me":null,"minRoundTripTime":0,"minWireVersion":0,"passives":[],"primary":null,"roundTripTime":-1,"setName":null,"setVersion":null,"tags":{},"topologyVersion":null,"type":"Unknown"},"ac-vmsu1zn-shard-00-02.mfx3ppl.mongodb.net:27017":{"$clusterTime":null,"address":"ac-vmsu1zn-shard-00-02.mfx3ppl.mongodb.net:27017","arbiters":[],"electionId":null,"error":{"beforeHandshake":false,"errorLabelSet":{}},"hosts":[],"iscryptd":false,"lastUpdateTime":644888737,"lastWriteDate":0,"logicalSessionTimeoutMinutes":null,"maxBsonObjectSize":null,"maxMessageSizeBytes":null,"maxWireVersion":0,"maxWriteBatchSize":null,"me":null,"minRoundTripTime":0,"minWireVersion":0,"passives":[],"primary":null,"roundTripTime":-1,"setName":null,"setVersion":null,"tags":{},"topologyVersion":null,"type":"Unknown"}},"setName":"atlas-cpqnm5-shard-0","stale":false,"type":"ReplicaSetNoPrimary"},"errorLabelSet":{},"label":"DYBLogistics_App","level":"info","message":"ApiError: A database error occurred Could not connect to any servers in your MongoDB Atlas cluster. One common reason is that you're trying to access the database from an IP that isn't whitelisted. Make sure your current IP address is on your Atlas cluster's IP whitelist: https://www.mongodb.com/docs/atlas/security-whitelist/","reason":{"commonWireVersion":0,"compatible":true,"heartbeatFrequencyMS":10000,"localThresholdMS":15,"logicalSessionTimeoutMinutes":null,"maxElectionId":null,"maxSetVersion":null,"servers":{"ac-vmsu1zn-shard-00-00.mfx3ppl.mongodb.net:27017":{"$clusterTime":null,"address":"ac-vmsu1zn-shard-00-00.mfx3ppl.mongodb.net:27017","arbiters":[],"electionId":null,"error":{"beforeHandshake":false,"errorLabelSet":{}},"hosts":[],"iscryptd":false,"lastUpdateTime":644888837,"lastWriteDate":0,"logicalSessionTimeoutMinutes":null,"maxBsonObjectSize":null,"maxMessageSizeBytes":null,"maxWireVersion":0,"maxWriteBatchSize":null,"me":null,"minRoundTripTime":0,"minWireVersion":0,"passives":[],"primary":null,"roundTripTime":-1,"setName":null,"setVersion":null,"tags":{},"topologyVersion":null,"type":"Unknown"},"ac-vmsu1zn-shard-00-01.mfx3ppl.mongodb.net:27017":{"$clusterTime":null,"address":"ac-vmsu1zn-shard-00-01.mfx3ppl.mongodb.net:27017","arbiters":[],"electionId":null,"error":{"beforeHandshake":false,"errorLabelSet":{}},"hosts":[],"iscryptd":false,"lastUpdateTime":644888204,"lastWriteDate":0,"logicalSessionTimeoutMinutes":null,"maxBsonObjectSize":null,"maxMessageSizeBytes":null,"maxWireVersion":0,"maxWriteBatchSize":null,"me":null,"minRoundTripTime":0,"minWireVersion":0,"passives":[],"primary":null,"roundTripTime":-1,"setName":null,"setVersion":null,"tags":{},"topologyVersion":null,"type":"Unknown"},"ac-vmsu1zn-shard-00-02.mfx3ppl.mongodb.net:27017":{"$clusterTime":null,"address":"ac-vmsu1zn-shard-00-02.mfx3ppl.mongodb.net:27017","arbiters":[],"electionId":null,"error":{"beforeHandshake":false,"errorLabelSet":{}},"hosts":[],"iscryptd":false,"lastUpdateTime":644888737,"lastWriteDate":0,"logicalSessionTimeoutMinutes":null,"maxBsonObjectSize":null,"maxMessageSizeBytes":null,"maxWireVersion":0,"maxWriteBatchSize":null,"me":null,"minRoundTripTime":0,"minWireVersion":0,"passives":[],"primary":null,"roundTripTime":-1,"setName":null,"setVersion":null,"tags":{},"topologyVersion":null,"type":"Unknown"}},"setName":"atlas-cpqnm5-shard-0","stale":false,"type":"ReplicaSetNoPrimary"},"stack":"MongooseServerSelectionError: Could not connect to any servers in your MongoDB Atlas cluster. One common reason is that you're trying to access the database from an IP that isn't whitelisted. Make sure your current IP address is on your Atlas cluster's IP whitelist: https://www.mongodb.com/docs/atlas/security-whitelist/\n    at _handleConnectionErrors (C:\\Users\\User\\Desktop\\DYBLogisticsBackend\\node_modules\\mongoose\\lib\\connection.js:1165:11)\n    at NativeConnection.openUri (C:\\Users\\User\\Desktop\\DYBLogisticsBackend\\node_modules\\mongoose\\lib\\connection.js:1096:11)\n    at runNextTicks (node:internal/process/task_queues:60:5)\n    at process.processTimers (node:internal/timers:516:9)\n    at async connectDB (file:///C:/Users/User/Desktop/DYBLogisticsBackend/app/db/setup/dbconnect.js:12:5)\n    at async appConfig (file:///C:/Users/User/Desktop/DYBLogisticsBackend/config/app.js:53:3)","timestamp":"2025-06-18T19:46:51.969Z"}
{"cause":{"commonWireVersion":0,"compatible":true,"heartbeatFrequencyMS":10000,"localThresholdMS":15,"logicalSessionTimeoutMinutes":null,"maxElectionId":null,"maxSetVersion":null,"servers":{"ac-vmsu1zn-shard-00-00.mfx3ppl.mongodb.net:27017":{"$clusterTime":null,"address":"ac-vmsu1zn-shard-00-00.mfx3ppl.mongodb.net:27017","arbiters":[],"electionId":null,"error":{"beforeHandshake":false,"errorLabelSet":{}},"hosts":[],"iscryptd":false,"lastUpdateTime":644923327,"lastWriteDate":0,"logicalSessionTimeoutMinutes":null,"maxBsonObjectSize":null,"maxMessageSizeBytes":null,"maxWireVersion":0,"maxWriteBatchSize":null,"me":null,"minRoundTripTime":0,"minWireVersion":0,"passives":[],"primary":null,"roundTripTime":-1,"setName":null,"setVersion":null,"tags":{},"topologyVersion":null,"type":"Unknown"},"ac-vmsu1zn-shard-00-01.mfx3ppl.mongodb.net:27017":{"$clusterTime":null,"address":"ac-vmsu1zn-shard-00-01.mfx3ppl.mongodb.net:27017","arbiters":[],"electionId":null,"error":{"beforeHandshake":false,"errorLabelSet":{}},"hosts":[],"iscryptd":false,"lastUpdateTime":644923357,"lastWriteDate":0,"logicalSessionTimeoutMinutes":null,"maxBsonObjectSize":null,"maxMessageSizeBytes":null,"maxWireVersion":0,"maxWriteBatchSize":null,"me":null,"minRoundTripTime":0,"minWireVersion":0,"passives":[],"primary":null,"roundTripTime":-1,"setName":null,"setVersion":null,"tags":{},"topologyVersion":null,"type":"Unknown"},"ac-vmsu1zn-shard-00-02.mfx3ppl.mongodb.net:27017":{"$clusterTime":null,"address":"ac-vmsu1zn-shard-00-02.mfx3ppl.mongodb.net:27017","arbiters":[],"electionId":null,"error":{"beforeHandshake":false,"errorLabelSet":{}},"hosts":[],"iscryptd":false,"lastUpdateTime":644923907,"lastWriteDate":0,"logicalSessionTimeoutMinutes":null,"maxBsonObjectSize":null,"maxMessageSizeBytes":null,"maxWireVersion":0,"maxWriteBatchSize":null,"me":null,"minRoundTripTime":0,"minWireVersion":0,"passives":[],"primary":null,"roundTripTime":-1,"setName":null,"setVersion":null,"tags":{},"topologyVersion":null,"type":"Unknown"}},"setName":"atlas-cpqnm5-shard-0","stale":false,"type":"ReplicaSetNoPrimary"},"errorLabelSet":{},"label":"DYBLogistics_App","level":"info","message":"ApiError: A database error occurred Could not connect to any servers in your MongoDB Atlas cluster. One common reason is that you're trying to access the database from an IP that isn't whitelisted. Make sure your current IP address is on your Atlas cluster's IP whitelist: https://www.mongodb.com/docs/atlas/security-whitelist/","reason":{"commonWireVersion":0,"compatible":true,"heartbeatFrequencyMS":10000,"localThresholdMS":15,"logicalSessionTimeoutMinutes":null,"maxElectionId":null,"maxSetVersion":null,"servers":{"ac-vmsu1zn-shard-00-00.mfx3ppl.mongodb.net:27017":{"$clusterTime":null,"address":"ac-vmsu1zn-shard-00-00.mfx3ppl.mongodb.net:27017","arbiters":[],"electionId":null,"error":{"beforeHandshake":false,"errorLabelSet":{}},"hosts":[],"iscryptd":false,"lastUpdateTime":644923327,"lastWriteDate":0,"logicalSessionTimeoutMinutes":null,"maxBsonObjectSize":null,"maxMessageSizeBytes":null,"maxWireVersion":0,"maxWriteBatchSize":null,"me":null,"minRoundTripTime":0,"minWireVersion":0,"passives":[],"primary":null,"roundTripTime":-1,"setName":null,"setVersion":null,"tags":{},"topologyVersion":null,"type":"Unknown"},"ac-vmsu1zn-shard-00-01.mfx3ppl.mongodb.net:27017":{"$clusterTime":null,"address":"ac-vmsu1zn-shard-00-01.mfx3ppl.mongodb.net:27017","arbiters":[],"electionId":null,"error":{"beforeHandshake":false,"errorLabelSet":{}},"hosts":[],"iscryptd":false,"lastUpdateTime":644923357,"lastWriteDate":0,"logicalSessionTimeoutMinutes":null,"maxBsonObjectSize":null,"maxMessageSizeBytes":null,"maxWireVersion":0,"maxWriteBatchSize":null,"me":null,"minRoundTripTime":0,"minWireVersion":0,"passives":[],"primary":null,"roundTripTime":-1,"setName":null,"setVersion":null,"tags":{},"topologyVersion":null,"type":"Unknown"},"ac-vmsu1zn-shard-00-02.mfx3ppl.mongodb.net:27017":{"$clusterTime":null,"address":"ac-vmsu1zn-shard-00-02.mfx3ppl.mongodb.net:27017","arbiters":[],"electionId":null,"error":{"beforeHandshake":false,"errorLabelSet":{}},"hosts":[],"iscryptd":false,"lastUpdateTime":644923907,"lastWriteDate":0,"logicalSessionTimeoutMinutes":null,"maxBsonObjectSize":null,"maxMessageSizeBytes":null,"maxWireVersion":0,"maxWriteBatchSize":null,"me":null,"minRoundTripTime":0,"minWireVersion":0,"passives":[],"primary":null,"roundTripTime":-1,"setName":null,"setVersion":null,"tags":{},"topologyVersion":null,"type":"Unknown"}},"setName":"atlas-cpqnm5-shard-0","stale":false,"type":"ReplicaSetNoPrimary"},"stack":"MongooseServerSelectionError: Could not connect to any servers in your MongoDB Atlas cluster. One common reason is that you're trying to access the database from an IP that isn't whitelisted. Make sure your current IP address is on your Atlas cluster's IP whitelist: https://www.mongodb.com/docs/atlas/security-whitelist/\n    at _handleConnectionErrors (C:\\Users\\User\\Desktop\\DYBLogisticsBackend\\node_modules\\mongoose\\lib\\connection.js:1165:11)\n    at NativeConnection.openUri (C:\\Users\\User\\Desktop\\DYBLogisticsBackend\\node_modules\\mongoose\\lib\\connection.js:1096:11)\n    at async connectDB (file:///C:/Users/User/Desktop/DYBLogisticsBackend/app/db/setup/dbconnect.js:12:5)\n    at async appConfig (file:///C:/Users/User/Desktop/DYBLogisticsBackend/config/app.js:53:3)","timestamp":"2025-06-18T19:47:28.371Z"}
{"label":"DYBLogistics_App","level":"info","message":"Connected to Database Succssfully","timestamp":"2025-06-18T19:47:57.024Z"}
{"label":"DYBLogistics_App","level":"info","message":"DYBLogistics is listening on PORT 5000","timestamp":"2025-06-18T19:47:57.043Z"}
{"label":"DYBLogistics_App","level":"info","message":"Connected to Database Succssfully","timestamp":"2025-06-18T19:48:55.451Z"}
{"label":"DYBLogistics_App","level":"info","message":"DYBLogistics is listening on PORT 5000","timestamp":"2025-06-18T19:48:55.462Z"}
{"label":"DYBLogistics_App","level":"info","message":"::1 - - [18/Jun/2025:19:49:00 +0000] \"POST /v1/signup HTTP/1.1\" 200 328 \"-\" \"PostmanRuntime/7.44.1\"\n","timestamp":"2025-06-18T19:49:00.576Z"}
{"label":"DYBLogistics_App","level":"error","message":"500 - DBError - secretOrPrivateKey must have a value","timestamp":"2025-06-18T19:50:18.917Z"}
{"label":"DYBLogistics_App","level":"error","message":"DBError - 500 - secretOrPrivateKey must have a value - /v1/signin - POST - ::1","timestamp":"2025-06-18T19:50:18.919Z"}
{"label":"DYBLogistics_App","level":"info","message":"::1 - - [18/Jun/2025:19:50:18 +0000] \"POST /v1/signin HTTP/1.1\" 500 66 \"-\" \"PostmanRuntime/7.44.1\"\n","timestamp":"2025-06-18T19:50:18.921Z"}
{"label":"DYBLogistics_App","level":"info","message":"Connected to Database Succssfully","timestamp":"2025-06-18T19:53:39.517Z"}
{"label":"DYBLogistics_App","level":"info","message":"DYBLogistics is listening on PORT 5000","timestamp":"2025-06-18T19:53:39.546Z"}
{"label":"DYBLogistics_App","level":"info","message":"::1 - - [18/Jun/2025:19:53:47 +0000] \"POST /v1/signin HTTP/1.1\" 200 435 \"-\" \"PostmanRuntime/7.44.1\"\n","timestamp":"2025-06-18T19:53:47.487Z"}
{"label":"DYBLogistics_App","level":"info","message":"Connected to Database Succssfully","timestamp":"2025-06-18T19:57:55.443Z"}
{"label":"DYBLogistics_App","level":"info","message":"DYBLogistics is listening on PORT 5000","timestamp":"2025-06-18T19:57:55.453Z"}
{"label":"DYBLogistics_App","level":"info","message":"Connected to Database Succssfully","timestamp":"2025-06-18T19:59:18.949Z"}
{"label":"DYBLogistics_App","level":"info","message":"DYBLogistics is listening on PORT 5000","timestamp":"2025-06-18T19:59:18.964Z"}
{"label":"DYBLogistics_App","level":"info","message":"Connected to Database Succssfully","timestamp":"2025-06-18T20:00:50.963Z"}
{"label":"DYBLogistics_App","level":"info","message":"DYBLogistics is listening on PORT 5000","timestamp":"2025-06-18T20:00:50.983Z"}
{"label":"DYBLogistics_App","level":"info","message":"Connected to Database Succssfully","timestamp":"2025-06-18T20:01:58.556Z"}
{"label":"DYBLogistics_App","level":"info","message":"DYBLogistics is listening on PORT 5000","timestamp":"2025-06-18T20:01:58.573Z"}
{"label":"DYBLogistics_App","level":"info","message":"Connected to Database Succssfully","timestamp":"2025-06-18T20:02:29.428Z"}
{"label":"DYBLogistics_App","level":"info","message":"DYBLogistics is listening on PORT 5000","timestamp":"2025-06-18T20:02:29.453Z"}
{"label":"DYBLogistics_App","level":"info","message":"::1 - - [18/Jun/2025:20:03:24 +0000] \"POST /v1/signup HTTP/1.1\" 200 328 \"-\" \"PostmanRuntime/7.44.1\"\n","timestamp":"2025-06-18T20:03:24.891Z"}
{"label":"DYBLogistics_App","level":"info","message":"Connected to Database Succssfully","timestamp":"2025-06-18T20:06:58.731Z"}
{"label":"DYBLogistics_App","level":"info","message":"DYBLogistics is listening on PORT 5000","timestamp":"2025-06-18T20:06:58.751Z"}
{"label":"DYBLogistics_App","level":"error","message":"500 - DBError - addTokenToData is not defined","timestamp":"2025-06-18T20:07:19.180Z"}
{"label":"DYBLogistics_App","level":"error","message":"500 - DBError - addTokenToData is not defined","timestamp":"2025-06-18T20:07:19.181Z"}
{"label":"DYBLogistics_App","level":"error","message":"ApiError - 500 - Error creating user - /v1/signup - POST - ::1","timestamp":"2025-06-18T20:07:19.191Z"}
{"label":"DYBLogistics_App","level":"info","message":"::1 - - [18/Jun/2025:20:07:19 +0000] \"POST /v1/signup HTTP/1.1\" 500 49 \"-\" \"PostmanRuntime/7.44.1\"\n","timestamp":"2025-06-18T20:07:19.200Z"}
{"label":"DYBLogistics_App","level":"info","message":"Connected to Database Succssfully","timestamp":"2025-06-18T20:07:55.180Z"}
{"label":"DYBLogistics_App","level":"info","message":"DYBLogistics is listening on PORT 5000","timestamp":"2025-06-18T20:07:55.188Z"}
{"label":"DYBLogistics_App","level":"info","message":"Connected to Database Succssfully","timestamp":"2025-06-18T20:08:16.506Z"}
{"label":"DYBLogistics_App","level":"info","message":"DYBLogistics is listening on PORT 5000","timestamp":"2025-06-18T20:08:16.528Z"}
{"label":"DYBLogistics_App","level":"error","message":"ApiError - 400 - User with this email already exists - /v1/signup - POST - ::1","timestamp":"2025-06-18T20:08:20.773Z"}
{"label":"DYBLogistics_App","level":"info","message":"::1 - - [18/Jun/2025:20:08:20 +0000] \"POST /v1/signup HTTP/1.1\" 400 65 \"-\" \"PostmanRuntime/7.44.1\"\n","timestamp":"2025-06-18T20:08:20.781Z"}
{"label":"DYBLogistics_App","level":"error","message":"500 - DBError - savedUser is not defined","timestamp":"2025-06-18T20:08:45.197Z"}
{"label":"DYBLogistics_App","level":"error","message":"500 - DBError - savedUser is not defined","timestamp":"2025-06-18T20:08:45.199Z"}
{"label":"DYBLogistics_App","level":"error","message":"ApiError - 500 - Error creating user - /v1/signup - POST - ::1","timestamp":"2025-06-18T20:08:45.200Z"}
{"label":"DYBLogistics_App","level":"info","message":"::1 - - [18/Jun/2025:20:08:45 +0000] \"POST /v1/signup HTTP/1.1\" 500 49 \"-\" \"PostmanRuntime/7.44.1\"\n","timestamp":"2025-06-18T20:08:45.202Z"}
{"label":"DYBLogistics_App","level":"info","message":"Connected to Database Succssfully","timestamp":"2025-06-18T20:09:02.538Z"}
{"label":"DYBLogistics_App","level":"info","message":"DYBLogistics is listening on PORT 5000","timestamp":"2025-06-18T20:09:02.548Z"}
{"label":"DYBLogistics_App","level":"error","message":"ApiError - 400 - User with this email already exists - /v1/signup - POST - ::1","timestamp":"2025-06-18T20:10:07.025Z"}
{"label":"DYBLogistics_App","level":"info","message":"::1 - - [18/Jun/2025:20:10:07 +0000] \"POST /v1/signup HTTP/1.1\" 400 65 \"-\" \"PostmanRuntime/7.44.1\"\n","timestamp":"2025-06-18T20:10:07.032Z"}
{"label":"DYBLogistics_App","level":"info","message":"Connected to Database Succssfully","timestamp":"2025-06-18T20:10:24.915Z"}
{"label":"DYBLogistics_App","level":"info","message":"DYBLogistics is listening on PORT 5000","timestamp":"2025-06-18T20:10:24.922Z"}
{"label":"DYBLogistics_App","level":"error","message":"500 - DBError - savedUser is not defined","timestamp":"2025-06-18T20:11:05.784Z"}
{"label":"DYBLogistics_App","level":"error","message":"500 - DBError - savedUser is not defined","timestamp":"2025-06-18T20:11:05.791Z"}
{"label":"DYBLogistics_App","level":"error","message":"ApiError - 500 - Error creating user - /v1/signup - POST - ::1","timestamp":"2025-06-18T20:11:05.793Z"}
{"label":"DYBLogistics_App","level":"info","message":"::1 - - [18/Jun/2025:20:11:05 +0000] \"POST /v1/signup HTTP/1.1\" 500 49 \"-\" \"PostmanRuntime/7.44.1\"\n","timestamp":"2025-06-18T20:11:05.804Z"}
{"label":"DYBLogistics_App","level":"info","message":"Connected to Database Succssfully","timestamp":"2025-06-18T20:12:17.390Z"}
{"label":"DYBLogistics_App","level":"info","message":"DYBLogistics is listening on PORT 5000","timestamp":"2025-06-18T20:12:17.399Z"}
{"label":"DYBLogistics_App","level":"error","message":"ApiError - 400 - User with this email already exists - /v1/signup - POST - ::1","timestamp":"2025-06-18T20:12:27.659Z"}
{"label":"DYBLogistics_App","level":"info","message":"::1 - - [18/Jun/2025:20:12:27 +0000] \"POST /v1/signup HTTP/1.1\" 400 65 \"-\" \"PostmanRuntime/7.44.1\"\n","timestamp":"2025-06-18T20:12:27.665Z"}
{"label":"DYBLogistics_App","level":"info","message":"Connected to Database Succssfully","timestamp":"2025-06-18T20:12:38.290Z"}
{"label":"DYBLogistics_App","level":"info","message":"DYBLogistics is listening on PORT 5000","timestamp":"2025-06-18T20:12:38.306Z"}
{"label":"DYBLogistics_App","level":"error","message":"500 - DBError - savedUser is not defined","timestamp":"2025-06-18T20:13:09.107Z"}
{"label":"DYBLogistics_App","level":"error","message":"500 - DBError - savedUser is not defined","timestamp":"2025-06-18T20:13:09.108Z"}
{"label":"DYBLogistics_App","level":"error","message":"ApiError - 500 - Error creating user - /v1/signup - POST - ::1","timestamp":"2025-06-18T20:13:09.109Z"}
{"label":"DYBLogistics_App","level":"info","message":"::1 - - [18/Jun/2025:20:13:09 +0000] \"POST /v1/signup HTTP/1.1\" 500 49 \"-\" \"PostmanRuntime/7.44.1\"\n","timestamp":"2025-06-18T20:13:09.116Z"}
{"label":"DYBLogistics_App","level":"info","message":"Connected to Database Succssfully","timestamp":"2025-06-18T20:15:05.575Z"}
{"label":"DYBLogistics_App","level":"info","message":"DYBLogistics is listening on PORT 5000","timestamp":"2025-06-18T20:15:05.595Z"}
{"label":"DYBLogistics_App","level":"info","message":"Connected to Database Succssfully","timestamp":"2025-06-18T20:16:03.340Z"}
{"label":"DYBLogistics_App","level":"info","message":"DYBLogistics is listening on PORT 5000","timestamp":"2025-06-18T20:16:03.359Z"}
{"label":"DYBLogistics_App","level":"info","message":"Connected to Database Succssfully","timestamp":"2025-06-18T20:16:09.425Z"}
{"label":"DYBLogistics_App","level":"info","message":"DYBLogistics is listening on PORT 5000","timestamp":"2025-06-18T20:16:09.445Z"}
{"label":"DYBLogistics_App","level":"info","message":"::1 - - [18/Jun/2025:20:16:34 +0000] \"POST /v1/signup HTTP/1.1\" 200 486 \"-\" \"PostmanRuntime/7.44.1\"\n","timestamp":"2025-06-18T20:16:34.124Z"}
{"label":"DYBLogistics_App","level":"info","message":"Connected to Database Succssfully","timestamp":"2025-06-18T20:17:51.488Z"}
{"label":"DYBLogistics_App","level":"info","message":"DYBLogistics is listening on PORT 5000","timestamp":"2025-06-18T20:17:51.503Z"}
{"label":"DYBLogistics_App","level":"error","message":"ApiError - 400 - User with this email already exists - /v1/signup - POST - ::1","timestamp":"2025-06-18T20:18:08.622Z"}
{"label":"DYBLogistics_App","level":"info","message":"::1 - - [18/Jun/2025:20:18:08 +0000] \"POST /v1/signup HTTP/1.1\" 400 65 \"-\" \"PostmanRuntime/7.44.1\"\n","timestamp":"2025-06-18T20:18:08.628Z"}
{"label":"DYBLogistics_App","level":"error","message":"ApiError - 400 - User with this email already exists - /v1/signup - POST - ::1","timestamp":"2025-06-18T20:18:37.400Z"}
{"label":"DYBLogistics_App","level":"info","message":"::1 - - [18/Jun/2025:20:18:37 +0000] \"POST /v1/signup HTTP/1.1\" 400 65 \"-\" \"PostmanRuntime/7.44.1\"\n","timestamp":"2025-06-18T20:18:37.403Z"}
{"label":"DYBLogistics_App","level":"error","message":"ApiError - 400 - User with this email already exists - /v1/signup - POST - ::1","timestamp":"2025-06-18T20:18:39.006Z"}
{"label":"DYBLogistics_App","level":"info","message":"::1 - - [18/Jun/2025:20:18:39 +0000] \"POST /v1/signup HTTP/1.1\" 400 65 \"-\" \"PostmanRuntime/7.44.1\"\n","timestamp":"2025-06-18T20:18:39.008Z"}
{"label":"DYBLogistics_App","level":"info","message":"::1 - - [18/Jun/2025:20:19:16 +0000] \"GET / HTTP/1.1\" 200 80 \"-\" \"PostmanRuntime/7.44.1\"\n","timestamp":"2025-06-18T20:19:16.192Z"}
{"label":"DYBLogistics_App","level":"info","message":"Connected to Database Succssfully","timestamp":"2025-06-18T20:20:10.314Z"}
{"label":"DYBLogistics_App","level":"info","message":"DYBLogistics is listening on PORT 5000","timestamp":"2025-06-18T20:20:10.333Z"}
{"label":"DYBLogistics_App","level":"info","message":"::1 - - [18/Jun/2025:20:21:16 +0000] \"POST /v1/signin HTTP/1.1\" 200 435 \"-\" \"PostmanRuntime/7.44.1\"\n","timestamp":"2025-06-18T20:21:16.094Z"}
{"label":"DYBLogistics_App","level":"info","message":"Connected to Database Succssfully","timestamp":"2025-06-19T13:28:53.055Z"}
{"label":"DYBLogistics_App","level":"info","message":"DYBLogistics is listening on PORT 5000","timestamp":"2025-06-19T13:28:53.075Z"}
{"label":"DYBLogistics_App","level":"info","message":"::1 - - [19/Jun/2025:13:30:55 +0000] \"POST /v1/signup HTTP/1.1\" 200 472 \"-\" \"PostmanRuntime/7.44.1\"\n","timestamp":"2025-06-19T13:30:55.418Z"}
{"label":"DYBLogistics_App","level":"info","message":"Connected to Database Succssfully","timestamp":"2025-06-19T13:48:34.496Z"}
{"label":"DYBLogistics_App","level":"info","message":"DYBLogistics is listening on PORT 5000","timestamp":"2025-06-19T13:48:34.506Z"}
{"label":"DYBLogistics_App","level":"info","message":"Connected to Database Succssfully","timestamp":"2025-06-19T13:50:01.852Z"}
{"label":"DYBLogistics_App","level":"info","message":"DYBLogistics is listening on PORT 5000","timestamp":"2025-06-19T13:50:01.859Z"}
